-------------------------------------------------------------------------------
Test set: starter.math.TwitchTest
-------------------------------------------------------------------------------
Tests run: 5, Failures: 1, Errors: 0, Skipped: 0, Time elapsed: 4.475 s <<< FAILURE! - in starter.math.TwitchTest
starter.math.TwitchTest.putRequest  Time elapsed: 0.525 s  <<< FAILURE!
org.junit.ComparisonFailure: expected:<ba[z]> but was:<ba[r]>
	at starter.math.TwitchTest.putRequest(TwitchTest.java:73)

