<?xml version="1.0" encoding="UTF-8"?><testsuite errors="0" failures="1" name="starter.math.TwitchTest" skipped="0" tests="5" time="4.27" timestamp="2021-05-19 06:47:28"><testcase classname="starter.math.TwitchTest" name="Get request with query param"/><testcase classname="starter.math.TwitchTest" name="Delete request"/><testcase classname="starter.math.TwitchTest" name="Put request"><failure message="expected:&lt;ba[z]&gt; but was:&lt;ba[r]&gt;" type="org.junit.ComparisonFailure">expected:&lt;ba[z]&gt; but was:&lt;ba[r]&gt;</failure><system-err>expected:&lt;ba[z]&gt; but was:&lt;ba[r]&gt;
starter.math.TwitchTest.putRequest(TwitchTest.java:73)
</system-err></testcase><testcase classname="starter.math.TwitchTest" name="Post request"/><testcase classname="starter.math.TwitchTest" name="Get request"/></testsuite>